# JRE version: OpenJDK Runtime Environment Temurin-21.0.11+10 (21.0.11+10) (build 21.0.11+10-LTS)
# Java VM: OpenJDK 64-Bit Server VM Temurin-21.0.11+10 (21.0.11+10-LTS, mixed mode, sharing, tiered, compressed oops, compressed class ptrs, parallel gc, windows-amd64)
GC Precious Log:
 CardTable entry size: 512
 CPUs: 8 total, 8 available
 Memory: 3767M
 Large Page Support: Disabled
 NUMA Support: Disabled
 Compressed Oops: Enabled (32-bit)
 Alignments: Space 512K, Generation 512K, Heap 2M
 Heap Min Capacity: 100M
 Heap Initial Capacity: 100M
 Heap Max Capacity: 2G
 Pre-touch: Disabled
 Parallel Workers: 8
Heap:
 PSYoungGen      total 15872K, used 15197K [0x00000000d5580000, 0x00000000d6780000, 0x0000000100000000)
  eden space 13312K, 98% used [0x00000000d5580000,0x00000000d6249c38,0x00000000d6280000)
  from space 2560K, 82% used [0x00000000d6500000,0x00000000d670d828,0x00000000d6780000)
  to   space 2560K, 0% used [0x00000000d6280000,0x00000000d6280000,0x00000000d6500000)
 ParOldGen       total 83968K, used 83918K [0x0000000080000000, 0x0000000085200000, 0x00000000d5580000)
  object space 83968K, 99% used [0x0000000080000000,0x00000000851f3ab8,0x0000000085200000)
 Metaspace       used 78939K, committed 80576K, reserved 1179648K
  class space    used 9612K, committed 10432K, reserved 1048576K
GC Heap History (20 events):
Event: 498.691 GC heap before
{Heap before GC invocations=68 (full 3):
 PSYoungGen      total 18944K, used 18599K [0x00000000d5580000, 0x00000000d6c80000, 0x0000000100000000)
  eden space 16384K, 100% used [0x00000000d5580000,0x00000000d6580000,0x00000000d6580000)
  from space 2560K, 86% used [0x00000000d6a00000,0x00000000d6c29d78,0x00000000d6c80000)
  to   space 3072K, 0% used [0x00000000d6680000,0x00000000d6680000,0x00000000d6980000)
 ParOldGen       total 69120K, used 68893K [0x0000000080000000, 0x0000000084380000, 0x00000000d5580000)
  object space 69120K, 99% used [0x0000000080000000,0x0000000084347698,0x0000000084380000)
 Metaspace       used 77801K, committed 79424K, reserved 1179648K
  class space    used 9486K, committed 10240K, reserved 1048576K
}
Event: 498.712 GC heap after
{Heap after GC invocations=68 (full 3):
 PSYoungGen      total 18432K, used 1558K [0x00000000d5580000, 0x00000000d6a80000, 0x0000000100000000)
  eden space 16384K, 0% used [0x00000000d5580000,0x00000000d5580000,0x00000000d6580000)
  from space 2048K, 76% used [0x00000000d6680000,0x00000000d6805808,0x00000000d6880000)
  to   space 2048K, 0% used [0x00000000d6880000,0x00000000d6880000,0x00000000d6a80000)
 ParOldGen       total 71168K, used 70940K [0x0000000080000000, 0x0000000084580000, 0x00000000d5580000)
  object space 71168K, 99% used [0x0000000080000000,0x0000000084547258,0x0000000084580000)
 Metaspace       used 77801K, committed 79424K, reserved 1179648K
  class space    used 9486K, committed 10240K, reserved 1048576K
}
Event: 500.127 GC heap before
{Heap before GC invocations=69 (full 3):
 PSYoungGen      total 18432K, used 17942K [0x00000000d5580000, 0x00000000d6a80000, 0x0000000100000000)
  eden space 16384K, 100% used [0x00000000d5580000,0x00000000d6580000,0x00000000d6580000)
  from space 2048K, 76% used [0x00000000d6680000,0x00000000d6805808,0x00000000d6880000)
  to   space 2048K, 0% used [0x00000000d6880000,0x00000000d6880000,0x00000000d6a80000)
 ParOldGen       total 71168K, used 70940K [0x0000000080000000, 0x0000000084580000, 0x00000000d5580000)
  object space 71168K, 99% used [0x0000000080000000,0x0000000084547258,0x0000000084580000)
 Metaspace       used 77804K, committed 79424K, reserved 1179648K
  class space    used 9486K, committed 10240K, reserved 1048576K
}
Event: 500.142 GC heap after
{Heap after GC invocations=69 (full 3):
 PSYoungGen      total 18432K, used 1740K [0x00000000d5580000, 0x00000000d6a80000, 0x0000000100000000)
  eden space 16384K, 0% used [0x00000000d5580000,0x00000000d5580000,0x00000000d6580000)
  from space 2048K, 84% used [0x00000000d6880000,0x00000000d6a33008,0x00000000d6a80000)
  to   space 2048K, 0% used [0x00000000d6680000,0x00000000d6680000,0x00000000d6880000)
 ParOldGen       total 72704K, used 72316K [0x0000000080000000, 0x0000000084700000, 0x00000000d5580000)
  object space 72704K, 99% used [0x0000000080000000,0x000000008469f258,0x0000000084700000)
 Metaspace       used 77804K, committed 79424K, reserved 1179648K
  class space    used 9486K, committed 10240K, reserved 1048576K
}
Event: 500.946 GC heap before
{Heap before GC invocations=70 (full 3):
 PSYoungGen      total 18432K, used 18124K [0x00000000d5580000, 0x00000000d6a80000, 0x0000000100000000)
  eden space 16384K, 100% used [0x00000000d5580000,0x00000000d6580000,0x00000000d6580000)
  from space 2048K, 84% used [0x00000000d6880000,0x00000000d6a33008,0x00000000d6a80000)
  to   space 2048K, 0% used [0x00000000d6680000,0x00000000d6680000,0x00000000d6880000)
 ParOldGen       total 72704K, used 72316K [0x0000000080000000, 0x0000000084700000, 0x00000000d5580000)
  object space 72704K, 99% used [0x0000000080000000,0x000000008469f258,0x0000000084700000)
 Metaspace       used 77831K, committed 79424K, reserved 1179648K
  class space    used 9489K, committed 10240K, reserved 1048576K
}
Event: 500.956 GC heap after
{Heap after GC invocations=70 (full 3):
 PSYoungGen      total 18432K, used 1632K [0x00000000d5580000, 0x00000000d6980000, 0x0000000100000000)
  eden space 16384K, 0% used [0x00000000d5580000,0x00000000d5580000,0x00000000d6580000)
  from space 2048K, 79% used [0x00000000d6680000,0x00000000d6818000,0x00000000d6880000)
  to   space 1024K, 0% used [0x00000000d6880000,0x00000000d6880000,0x00000000d6980000)
 ParOldGen       total 74240K, used 73911K [0x0000000080000000, 0x0000000084880000, 0x00000000d5580000)
  object space 74240K, 99% used [0x0000000080000000,0x000000008482dd78,0x0000000084880000)
 Metaspace       used 77831K, committed 79424K, reserved 1179648K
  class space    used 9489K, committed 10240K, reserved 1048576K
}
Event: 501.795 GC heap before
{Heap before GC invocations=71 (full 3):
 PSYoungGen      total 18432K, used 18000K [0x00000000d5580000, 0x00000000d6980000, 0x0000000100000000)
  eden space 16384K, 99% used [0x00000000d5580000,0x00000000d657c3d8,0x00000000d6580000)
  from space 2048K, 79% used [0x00000000d6680000,0x00000000d6818000,0x00000000d6880000)
  to   space 1024K, 0% used [0x00000000d6880000,0x00000000d6880000,0x00000000d6980000)
 ParOldGen       total 74240K, used 73911K [0x0000000080000000, 0x0000000084880000, 0x00000000d5580000)
  object space 74240K, 99% used [0x0000000080000000,0x000000008482dd78,0x0000000084880000)
 Metaspace       used 77935K, committed 79552K, reserved 1179648K
  class space    used 9503K, committed 10240K, reserved 1048576K
}
Event: 501.811 GC heap after
{Heap after GC invocations=71 (full 3):
 PSYoungGen      total 16896K, used 992K [0x00000000d5580000, 0x00000000d6c80000, 0x0000000100000000)
  eden space 15872K, 0% used [0x00000000d5580000,0x00000000d5580000,0x00000000d6500000)
  from space 1024K, 96% used [0x00000000d6880000,0x00000000d6978050,0x00000000d6980000)
  to   space 3584K, 0% used [0x00000000d6500000,0x00000000d6500000,0x00000000d6880000)
 ParOldGen       total 76288K, used 75999K [0x0000000080000000, 0x0000000084a80000, 0x00000000d5580000)
  object space 76288K, 99% used [0x0000000080000000,0x0000000084a37d80,0x0000000084a80000)
 Metaspace       used 77935K, committed 79552K, reserved 1179648K
  class space    used 9503K, committed 10240K, reserved 1048576K
}
Event: 503.066 GC heap before
{Heap before GC invocations=72 (full 3):
 PSYoungGen      total 16896K, used 16864K [0x00000000d5580000, 0x00000000d6c80000, 0x0000000100000000)
  eden space 15872K, 100% used [0x00000000d5580000,0x00000000d6500000,0x00000000d6500000)
  from space 1024K, 96% used [0x00000000d6880000,0x00000000d6978050,0x00000000d6980000)
  to   space 3584K, 0% used [0x00000000d6500000,0x00000000d6500000,0x00000000d6880000)
 ParOldGen       total 76288K, used 75999K [0x0000000080000000, 0x0000000084a80000, 0x00000000d5580000)
  object space 76288K, 99% used [0x0000000080000000,0x0000000084a37d80,0x0000000084a80000)
 Metaspace       used 77977K, committed 79552K, reserved 1179648K
  class space    used 9507K, committed 10240K, reserved 1048576K
}
Event: 503.078 GC heap after
{Heap after GC invocations=72 (full 3):
 PSYoungGen      total 17408K, used 1344K [0x00000000d5580000, 0x00000000d6900000, 0x0000000100000000)
  eden space 15872K, 0% used [0x00000000d5580000,0x00000000d5580000,0x00000000d6500000)
  from space 1536K, 87% used [0x00000000d6500000,0x00000000d6650000,0x00000000d6680000)
  to   space 2048K, 0% used [0x00000000d6700000,0x00000000d6700000,0x00000000d6900000)
 ParOldGen       total 77312K, used 76879K [0x0000000080000000, 0x0000000084b80000, 0x00000000d5580000)
  object space 77312K, 99% used [0x0000000080000000,0x0000000084b13fc8,0x0000000084b80000)
 Metaspace       used 77977K, committed 79552K, reserved 1179648K
  class space    used 9507K, committed 10240K, reserved 1048576K
}
Event: 505.600 GC heap before
{Heap before GC invocations=73 (full 3):
 PSYoungGen      total 17408K, used 17216K [0x00000000d5580000, 0x00000000d6900000, 0x0000000100000000)
  eden space 15872K, 100% used [0x00000000d5580000,0x00000000d6500000,0x00000000d6500000)
  from space 1536K, 87% used [0x00000000d6500000,0x00000000d6650000,0x00000000d6680000)
  to   space 2048K, 0% used [0x00000000d6700000,0x00000000d6700000,0x00000000d6900000)
 ParOldGen       total 77312K, used 76879K [0x0000000080000000, 0x0000000084b80000, 0x00000000d5580000)
  object space 77312K, 99% used [0x0000000080000000,0x0000000084b13fc8,0x0000000084b80000)
 Metaspace       used 78033K, committed 79616K, reserved 1179648K
  class space    used 9516K, committed 10240K, reserved 1048576K
}
Event: 505.612 GC heap after
{Heap after GC invocations=73 (full 3):
 PSYoungGen      total 17920K, used 1504K [0x00000000d5580000, 0x00000000d6900000, 0x0000000100000000)
  eden space 15872K, 0% used [0x00000000d5580000,0x00000000d5580000,0x00000000d6500000)
  from space 2048K, 73% used [0x00000000d6700000,0x00000000d6878000,0x00000000d6900000)
  to   space 2048K, 0% used [0x00000000d6500000,0x00000000d6500000,0x00000000d6700000)
 ParOldGen       total 78336K, used 77970K [0x0000000080000000, 0x0000000084c80000, 0x00000000d5580000)
  object space 78336K, 99% used [0x0000000080000000,0x0000000084c24be8,0x0000000084c80000)
 Metaspace       used 78033K, committed 79616K, reserved 1179648K
  class space    used 9516K, committed 10240K, reserved 1048576K
}
Event: 506.663 GC heap before
{Heap before GC invocations=74 (full 3):
 PSYoungGen      total 17920K, used 17376K [0x00000000d5580000, 0x00000000d6900000, 0x0000000100000000)
  eden space 15872K, 100% used [0x00000000d5580000,0x00000000d6500000,0x00000000d6500000)
  from space 2048K, 73% used [0x00000000d6700000,0x00000000d6878000,0x00000000d6900000)
  to   space 2048K, 0% used [0x00000000d6500000,0x00000000d6500000,0x00000000d6700000)
 ParOldGen       total 78336K, used 77970K [0x0000000080000000, 0x0000000084c80000, 0x00000000d5580000)
  object space 78336K, 99% used [0x0000000080000000,0x0000000084c24be8,0x0000000084c80000)
 Metaspace       used 78585K, committed 80256K, reserved 1179648K
  class space    used 9584K, committed 10368K, reserved 1048576K
}
Event: 506.685 GC heap after
{Heap after GC invocations=74 (full 3):
 PSYoungGen      total 17408K, used 1400K [0x00000000d5580000, 0x00000000d6800000, 0x0000000100000000)
  eden space 15872K, 0% used [0x00000000d5580000,0x00000000d5580000,0x00000000d6500000)
  from space 1536K, 91% used [0x00000000d6500000,0x00000000d665e1a8,0x00000000d6680000)
  to   space 1536K, 0% used [0x00000000d6680000,0x00000000d6680000,0x00000000d6800000)
 ParOldGen       total 79360K, used 79330K [0x0000000080000000, 0x0000000084d80000, 0x00000000d5580000)
  object space 79360K, 99% used [0x0000000080000000,0x0000000084d78be8,0x0000000084d80000)
 Metaspace       used 78585K, committed 80256K, reserved 1179648K
  class space    used 9584K, committed 10368K, reserved 1048576K
}
Event: 508.023 GC heap before
{Heap before GC invocations=75 (full 3):
 PSYoungGen      total 17408K, used 17272K [0x00000000d5580000, 0x00000000d6800000, 0x0000000100000000)
  eden space 15872K, 100% used [0x00000000d5580000,0x00000000d6500000,0x00000000d6500000)
  from space 1536K, 91% used [0x00000000d6500000,0x00000000d665e1a8,0x00000000d6680000)
  to   space 1536K, 0% used [0x00000000d6680000,0x00000000d6680000,0x00000000d6800000)
 ParOldGen       total 79360K, used 79330K [0x0000000080000000, 0x0000000084d80000, 0x00000000d5580000)
  object space 79360K, 99% used [0x0000000080000000,0x0000000084d78be8,0x0000000084d80000)
 Metaspace       used 78787K, committed 80448K, reserved 1179648K
  class space    used 9606K, committed 10368K, reserved 1048576K
}
Event: 508.038 GC heap after
{Heap after GC invocations=75 (full 3):
 PSYoungGen      total 14848K, used 1521K [0x00000000d5580000, 0x00000000d6d00000, 0x0000000100000000)
  eden space 13312K, 0% used [0x00000000d5580000,0x00000000d5580000,0x00000000d6280000)
  from space 1536K, 99% used [0x00000000d6680000,0x00000000d67fc400,0x00000000d6800000)
  to   space 4096K, 0% used [0x00000000d6280000,0x00000000d6280000,0x00000000d6680000)
 ParOldGen       total 81920K, used 81438K [0x0000000080000000, 0x0000000085000000, 0x00000000d5580000)
  object space 81920K, 99% used [0x0000000080000000,0x0000000084f87960,0x0000000085000000)
 Metaspace       used 78787K, committed 80448K, reserved 1179648K
  class space    used 9606K, committed 10368K, reserved 1048576K
}
Event: 512.007 GC heap before
{Heap before GC invocations=76 (full 3):
 PSYoungGen      total 14848K, used 14833K [0x00000000d5580000, 0x00000000d6d00000, 0x0000000100000000)
  eden space 13312K, 100% used [0x00000000d5580000,0x00000000d6280000,0x00000000d6280000)
  from space 1536K, 99% used [0x00000000d6680000,0x00000000d67fc400,0x00000000d6800000)
  to   space 4096K, 0% used [0x00000000d6280000,0x00000000d6280000,0x00000000d6680000)
 ParOldGen       total 81920K, used 81438K [0x0000000080000000, 0x0000000085000000, 0x00000000d5580000)
  object space 81920K, 99% used [0x0000000080000000,0x0000000084f87960,0x0000000085000000)
 Metaspace       used 78915K, committed 80512K, reserved 1179648K
  class space    used 9611K, committed 10368K, reserved 1048576K
}
Event: 512.023 GC heap after
{Heap after GC invocations=76 (full 3):
 PSYoungGen      total 15360K, used 1868K [0x00000000d5580000, 0x00000000d6780000, 0x0000000100000000)
  eden space 13312K, 0% used [0x00000000d5580000,0x00000000d5580000,0x00000000d6280000)
  from space 2048K, 91% used [0x00000000d6280000,0x00000000d64531b8,0x00000000d6480000)
  to   space 2560K, 0% used [0x00000000d6500000,0x00000000d6500000,0x00000000d6780000)
 ParOldGen       total 82432K, used 82134K [0x0000000080000000, 0x0000000085080000, 0x00000000d5580000)
  object space 82432K, 99% used [0x0000000080000000,0x0000000085035960,0x0000000085080000)
 Metaspace       used 78915K, committed 80512K, reserved 1179648K
  class space    used 9611K, committed 10368K, reserved 1048576K
}
Event: 512.973 GC heap before
{Heap before GC invocations=77 (full 3):
 PSYoungGen      total 15360K, used 15180K [0x00000000d5580000, 0x00000000d6780000, 0x0000000100000000)
  eden space 13312K, 100% used [0x00000000d5580000,0x00000000d6280000,0x00000000d6280000)
  from space 2048K, 91% used [0x00000000d6280000,0x00000000d64531b8,0x00000000d6480000)
  to   space 2560K, 0% used [0x00000000d6500000,0x00000000d6500000,0x00000000d6780000)
 ParOldGen       total 82432K, used 82134K [0x0000000080000000, 0x0000000085080000, 0x00000000d5580000)
  object space 82432K, 99% used [0x0000000080000000,0x0000000085035960,0x0000000085080000)
 Metaspace       used 78921K, committed 80512K, reserved 1179648K
  class space    used 9611K, committed 10368K, reserved 1048576K
}
Event: 512.990 GC heap after
{Heap after GC invocations=77 (full 3):
 PSYoungGen      total 15872K, used 2102K [0x00000000d5580000, 0x00000000d6780000, 0x0000000100000000)
  eden space 13312K, 0% used [0x00000000d5580000,0x00000000d5580000,0x00000000d6280000)
  from space 2560K, 82% used [0x00000000d6500000,0x00000000d670d828,0x00000000d6780000)
  to   space 2560K, 0% used [0x00000000d6280000,0x00000000d6280000,0x00000000d6500000)
 ParOldGen       total 83968K, used 83918K [0x0000000080000000, 0x0000000085200000, 0x00000000d5580000)
  object space 83968K, 99% used [0x0000000080000000,0x00000000851f3ab8,0x0000000085200000)
 Metaspace       used 78921K, committed 80512K, reserved 1179648K
  class space    used 9611K, committed 10368K, reserved 1048576K
}

