# JRE version: OpenJDK Runtime Environment Temurin-21.0.11+10 (21.0.11+10) (build 21.0.11+10-LTS)
# Java VM: OpenJDK 64-Bit Server VM Temurin-21.0.11+10 (21.0.11+10-LTS, mixed mode, sharing, tiered, compressed oops, compressed class ptrs, parallel gc, windows-amd64)
GC Precious Log:
 CardTable entry size: 512
 CPUs: 8 total, 8 available
 Memory: 3767M
 Large Page Support: Disabled
 NUMA Support: Disabled
 Compressed Oops: Enabled (32-bit)
 Alignments: Space 512K, Generation 512K, Heap 2M
 Heap Min Capacity: 100M
 Heap Initial Capacity: 100M
 Heap Max Capacity: 2G
 Pre-touch: Disabled
 Parallel Workers: 8
Heap:
 PSYoungGen      total 23040K, used 4499K [0x00000000d5580000, 0x00000000d7100000, 0x0000000100000000)
  eden space 22016K, 15% used [0x00000000d5580000,0x00000000d58e70b0,0x00000000d6b00000)
  from space 1024K, 99% used [0x00000000d6f00000,0x00000000d6ffdb98,0x00000000d7000000)
  to   space 3072K, 0% used [0x00000000d6b00000,0x00000000d6b00000,0x00000000d6e00000)
 ParOldGen       total 68608K, used 54528K [0x0000000080000000, 0x0000000084300000, 0x00000000d5580000)
  object space 68608K, 79% used [0x0000000080000000,0x0000000083540338,0x0000000084300000)
 Metaspace       used 62812K, committed 64192K, reserved 1114112K
  class space    used 7296K, committed 7936K, reserved 1048576K
GC Heap History (20 events):
Event: 3046.899 GC heap before
{Heap before GC invocations=34 (full 2):
 PSYoungGen      total 23040K, used 22920K [0x00000000d5580000, 0x00000000d7180000, 0x0000000100000000)
  eden space 22016K, 100% used [0x00000000d5580000,0x00000000d6b00000,0x00000000d6b00000)
  from space 1024K, 88% used [0x00000000d7000000,0x00000000d70e22f8,0x00000000d7100000)
  to   space 512K, 0% used [0x00000000d7100000,0x00000000d7100000,0x00000000d7180000)
 ParOldGen       total 68608K, used 47787K [0x0000000080000000, 0x0000000084300000, 0x00000000d5580000)
  object space 68608K, 69% used [0x0000000080000000,0x0000000082eaafd8,0x0000000084300000)
 Metaspace       used 54117K, committed 55360K, reserved 1114112K
  class space    used 6124K, committed 6720K, reserved 1048576K
}
Event: 3047.073 GC heap after
{Heap after GC invocations=34 (full 2):
 PSYoungGen      total 22528K, used 512K [0x00000000d5580000, 0x00000000d7180000, 0x0000000100000000)
  eden space 22016K, 0% used [0x00000000d5580000,0x00000000d5580000,0x00000000d6b00000)
  from space 512K, 100% used [0x00000000d7100000,0x00000000d7180000,0x00000000d7180000)
  to   space 1536K, 0% used [0x00000000d6e80000,0x00000000d6e80000,0x00000000d7000000)
 ParOldGen       total 68608K, used 48651K [0x0000000080000000, 0x0000000084300000, 0x00000000d5580000)
  object space 68608K, 70% used [0x0000000080000000,0x0000000082f82d88,0x0000000084300000)
 Metaspace       used 54117K, committed 55360K, reserved 1114112K
  class space    used 6124K, committed 6720K, reserved 1048576K
}
Event: 3051.218 GC heap before
{Heap before GC invocations=35 (full 2):
 PSYoungGen      total 22528K, used 22528K [0x00000000d5580000, 0x00000000d7180000, 0x0000000100000000)
  eden space 22016K, 100% used [0x00000000d5580000,0x00000000d6b00000,0x00000000d6b00000)
  from space 512K, 100% used [0x00000000d7100000,0x00000000d7180000,0x00000000d7180000)
  to   space 1536K, 0% used [0x00000000d6e80000,0x00000000d6e80000,0x00000000d7000000)
 ParOldGen       total 68608K, used 48651K [0x0000000080000000, 0x0000000084300000, 0x00000000d5580000)
  object space 68608K, 70% used [0x0000000080000000,0x0000000082f82d88,0x0000000084300000)
 Metaspace       used 54519K, committed 55744K, reserved 1114112K
  class space    used 6171K, committed 6720K, reserved 1048576K
}
Event: 3051.287 GC heap after
{Heap after GC invocations=35 (full 2):
 PSYoungGen      total 23552K, used 704K [0x00000000d5580000, 0x00000000d7180000, 0x0000000100000000)
  eden space 22016K, 0% used [0x00000000d5580000,0x00000000d5580000,0x00000000d6b00000)
  from space 1536K, 45% used [0x00000000d6e80000,0x00000000d6f30000,0x00000000d7000000)
  to   space 1024K, 0% used [0x00000000d7080000,0x00000000d7080000,0x00000000d7180000)
 ParOldGen       total 68608K, used 49084K [0x0000000080000000, 0x0000000084300000, 0x00000000d5580000)
  object space 68608K, 71% used [0x0000000080000000,0x0000000082fef310,0x0000000084300000)
 Metaspace       used 54519K, committed 55744K, reserved 1114112K
  class space    used 6171K, committed 6720K, reserved 1048576K
}
Event: 3053.981 GC heap before
{Heap before GC invocations=36 (full 2):
 PSYoungGen      total 23552K, used 22720K [0x00000000d5580000, 0x00000000d7180000, 0x0000000100000000)
  eden space 22016K, 100% used [0x00000000d5580000,0x00000000d6b00000,0x00000000d6b00000)
  from space 1536K, 45% used [0x00000000d6e80000,0x00000000d6f30000,0x00000000d7000000)
  to   space 1024K, 0% used [0x00000000d7080000,0x00000000d7080000,0x00000000d7180000)
 ParOldGen       total 68608K, used 49084K [0x0000000080000000, 0x0000000084300000, 0x00000000d5580000)
  object space 68608K, 71% used [0x0000000080000000,0x0000000082fef310,0x0000000084300000)
 Metaspace       used 54652K, committed 55872K, reserved 1114112K
  class space    used 6216K, committed 6784K, reserved 1048576K
}
Event: 3054.011 GC heap after
{Heap after GC invocations=36 (full 2):
 PSYoungGen      total 23040K, used 608K [0x00000000d5580000, 0x00000000d7180000, 0x0000000100000000)
  eden space 22016K, 0% used [0x00000000d5580000,0x00000000d5580000,0x00000000d6b00000)
  from space 1024K, 59% used [0x00000000d7080000,0x00000000d7118010,0x00000000d7180000)
  to   space 1024K, 0% used [0x00000000d6f80000,0x00000000d6f80000,0x00000000d7080000)
 ParOldGen       total 68608K, used 49624K [0x0000000080000000, 0x0000000084300000, 0x00000000d5580000)
  object space 68608K, 72% used [0x0000000080000000,0x0000000083076008,0x0000000084300000)
 Metaspace       used 54652K, committed 55872K, reserved 1114112K
  class space    used 6216K, committed 6784K, reserved 1048576K
}
Event: 3058.792 GC heap before
{Heap before GC invocations=37 (full 2):
 PSYoungGen      total 23040K, used 22624K [0x00000000d5580000, 0x00000000d7180000, 0x0000000100000000)
  eden space 22016K, 100% used [0x00000000d5580000,0x00000000d6b00000,0x00000000d6b00000)
  from space 1024K, 59% used [0x00000000d7080000,0x00000000d7118010,0x00000000d7180000)
  to   space 1024K, 0% used [0x00000000d6f80000,0x00000000d6f80000,0x00000000d7080000)
 ParOldGen       total 68608K, used 49624K [0x0000000080000000, 0x0000000084300000, 0x00000000d5580000)
  object space 68608K, 72% used [0x0000000080000000,0x0000000083076008,0x0000000084300000)
 Metaspace       used 54936K, committed 56192K, reserved 1114112K
  class space    used 6240K, committed 6784K, reserved 1048576K
}
Event: 3058.846 GC heap after
{Heap after GC invocations=37 (full 2):
 PSYoungGen      total 23040K, used 1015K [0x00000000d5580000, 0x00000000d7600000, 0x0000000100000000)
  eden space 22016K, 0% used [0x00000000d5580000,0x00000000d5580000,0x00000000d6b00000)
  from space 1024K, 99% used [0x00000000d6f80000,0x00000000d707df38,0x00000000d7080000)
  to   space 5632K, 0% used [0x00000000d7080000,0x00000000d7080000,0x00000000d7600000)
 ParOldGen       total 68608K, used 53134K [0x0000000080000000, 0x0000000084300000, 0x00000000d5580000)
  object space 68608K, 77% used [0x0000000080000000,0x00000000833e3be8,0x0000000084300000)
 Metaspace       used 54936K, committed 56192K, reserved 1114112K
  class space    used 6240K, committed 6784K, reserved 1048576K
}
Event: 3063.391 GC heap before
{Heap before GC invocations=38 (full 2):
 PSYoungGen      total 23040K, used 23031K [0x00000000d5580000, 0x00000000d7600000, 0x0000000100000000)
  eden space 22016K, 100% used [0x00000000d5580000,0x00000000d6b00000,0x00000000d6b00000)
  from space 1024K, 99% used [0x00000000d6f80000,0x00000000d707df38,0x00000000d7080000)
  to   space 5632K, 0% used [0x00000000d7080000,0x00000000d7080000,0x00000000d7600000)
 ParOldGen       total 68608K, used 53134K [0x0000000080000000, 0x0000000084300000, 0x00000000d5580000)
  object space 68608K, 77% used [0x0000000080000000,0x00000000833e3be8,0x0000000084300000)
 Metaspace       used 55791K, committed 57024K, reserved 1114112K
  class space    used 6354K, committed 6912K, reserved 1048576K
}
Event: 3063.441 GC heap after
{Heap after GC invocations=38 (full 2):
 PSYoungGen      total 23040K, used 576K [0x00000000d5580000, 0x00000000d7180000, 0x0000000100000000)
  eden space 22016K, 0% used [0x00000000d5580000,0x00000000d5580000,0x00000000d6b00000)
  from space 1024K, 56% used [0x00000000d7080000,0x00000000d7110010,0x00000000d7180000)
  to   space 2048K, 0% used [0x00000000d6d80000,0x00000000d6d80000,0x00000000d6f80000)
 ParOldGen       total 68608K, used 54111K [0x0000000080000000, 0x0000000084300000, 0x00000000d5580000)
  object space 68608K, 78% used [0x0000000080000000,0x00000000834d7e20,0x0000000084300000)
 Metaspace       used 55791K, committed 57024K, reserved 1114112K
  class space    used 6354K, committed 6912K, reserved 1048576K
}
Event: 3071.244 GC heap before
{Heap before GC invocations=39 (full 2):
 PSYoungGen      total 23040K, used 22592K [0x00000000d5580000, 0x00000000d7180000, 0x0000000100000000)
  eden space 22016K, 100% used [0x00000000d5580000,0x00000000d6b00000,0x00000000d6b00000)
  from space 1024K, 56% used [0x00000000d7080000,0x00000000d7110010,0x00000000d7180000)
  to   space 2048K, 0% used [0x00000000d6d80000,0x00000000d6d80000,0x00000000d6f80000)
 ParOldGen       total 68608K, used 54111K [0x0000000080000000, 0x0000000084300000, 0x00000000d5580000)
  object space 68608K, 78% used [0x0000000080000000,0x00000000834d7e20,0x0000000084300000)
 Metaspace       used 58110K, committed 59328K, reserved 1114112K
  class space    used 6640K, committed 7168K, reserved 1048576K
}
Event: 3071.378 GC heap after
{Heap after GC invocations=39 (full 2):
 PSYoungGen      total 24064K, used 1308K [0x00000000d5580000, 0x00000000d7100000, 0x0000000100000000)
  eden space 22016K, 0% used [0x00000000d5580000,0x00000000d5580000,0x00000000d6b00000)
  from space 2048K, 63% used [0x00000000d6d80000,0x00000000d6ec7230,0x00000000d6f80000)
  to   space 1536K, 0% used [0x00000000d6f80000,0x00000000d6f80000,0x00000000d7100000)
 ParOldGen       total 68608K, used 54503K [0x0000000080000000, 0x0000000084300000, 0x00000000d5580000)
  object space 68608K, 79% used [0x0000000080000000,0x0000000083539e30,0x0000000084300000)
 Metaspace       used 58110K, committed 59328K, reserved 1114112K
  class space    used 6640K, committed 7168K, reserved 1048576K
}
Event: 3079.334 GC heap before
{Heap before GC invocations=40 (full 2):
 PSYoungGen      total 24064K, used 6128K [0x00000000d5580000, 0x00000000d7100000, 0x0000000100000000)
  eden space 22016K, 21% used [0x00000000d5580000,0x00000000d5a34f90,0x00000000d6b00000)
  from space 2048K, 63% used [0x00000000d6d80000,0x00000000d6ec7230,0x00000000d6f80000)
  to   space 1536K, 0% used [0x00000000d6f80000,0x00000000d6f80000,0x00000000d7100000)
 ParOldGen       total 68608K, used 54503K [0x0000000080000000, 0x0000000084300000, 0x00000000d5580000)
  object space 68608K, 79% used [0x0000000080000000,0x0000000083539e30,0x0000000084300000)
 Metaspace       used 58537K, committed 59776K, reserved 1114112K
  class space    used 6712K, committed 7296K, reserved 1048576K
}
Event: 3079.458 GC heap after
{Heap after GC invocations=40 (full 2):
 PSYoungGen      total 22528K, used 416K [0x00000000d5580000, 0x00000000d7000000, 0x0000000100000000)
  eden space 22016K, 0% used [0x00000000d5580000,0x00000000d5580000,0x00000000d6b00000)
  from space 512K, 81% used [0x00000000d6f80000,0x00000000d6fe8000,0x00000000d7000000)
  to   space 1024K, 0% used [0x00000000d6e00000,0x00000000d6e00000,0x00000000d6f00000)
 ParOldGen       total 68608K, used 55738K [0x0000000080000000, 0x0000000084300000, 0x00000000d5580000)
  object space 68608K, 81% used [0x0000000080000000,0x000000008366eb88,0x0000000084300000)
 Metaspace       used 58537K, committed 59776K, reserved 1114112K
  class space    used 6712K, committed 7296K, reserved 1048576K
}
Event: 3079.459 GC heap before
{Heap before GC invocations=41 (full 3):
 PSYoungGen      total 22528K, used 416K [0x00000000d5580000, 0x00000000d7000000, 0x0000000100000000)
  eden space 22016K, 0% used [0x00000000d5580000,0x00000000d5580000,0x00000000d6b00000)
  from space 512K, 81% used [0x00000000d6f80000,0x00000000d6fe8000,0x00000000d7000000)
  to   space 1024K, 0% used [0x00000000d6e00000,0x00000000d6e00000,0x00000000d6f00000)
 ParOldGen       total 68608K, used 55738K [0x0000000080000000, 0x0000000084300000, 0x00000000d5580000)
  object space 68608K, 81% used [0x0000000080000000,0x000000008366eb88,0x0000000084300000)
 Metaspace       used 58537K, committed 59776K, reserved 1114112K
  class space    used 6712K, committed 7296K, reserved 1048576K
}
Event: 3084.463 GC heap after
{Heap after GC invocations=41 (full 3):
 PSYoungGen      total 22528K, used 0K [0x00000000d5580000, 0x00000000d7000000, 0x0000000100000000)
  eden space 22016K, 0% used [0x00000000d5580000,0x00000000d5580000,0x00000000d6b00000)
  from space 512K, 0% used [0x00000000d6f80000,0x00000000d6f80000,0x00000000d7000000)
  to   space 1024K, 0% used [0x00000000d6e00000,0x00000000d6e00000,0x00000000d6f00000)
 ParOldGen       total 68608K, used 52215K [0x0000000080000000, 0x0000000084300000, 0x00000000d5580000)
  object space 68608K, 76% used [0x0000000080000000,0x00000000832fdd40,0x0000000084300000)
 Metaspace       used 58537K, committed 59776K, reserved 1114112K
  class space    used 6712K, committed 7296K, reserved 1048576K
}
Event: 3093.944 GC heap before
{Heap before GC invocations=42 (full 3):
 PSYoungGen      total 22528K, used 22007K [0x00000000d5580000, 0x00000000d7000000, 0x0000000100000000)
  eden space 22016K, 99% used [0x00000000d5580000,0x00000000d6afdf70,0x00000000d6b00000)
  from space 512K, 0% used [0x00000000d6f80000,0x00000000d6f80000,0x00000000d7000000)
  to   space 1024K, 0% used [0x00000000d6e00000,0x00000000d6e00000,0x00000000d6f00000)
 ParOldGen       total 68608K, used 52215K [0x0000000080000000, 0x0000000084300000, 0x00000000d5580000)
  object space 68608K, 76% used [0x0000000080000000,0x00000000832fdd40,0x0000000084300000)
 Metaspace       used 60653K, committed 61952K, reserved 1114112K
  class space    used 6982K, committed 7616K, reserved 1048576K
}
Event: 3093.998 GC heap after
{Heap after GC invocations=42 (full 3):
 PSYoungGen      total 23040K, used 1011K [0x00000000d5580000, 0x00000000d7000000, 0x0000000100000000)
  eden space 22016K, 0% used [0x00000000d5580000,0x00000000d5580000,0x00000000d6b00000)
  from space 1024K, 98% used [0x00000000d6e00000,0x00000000d6efcfd8,0x00000000d6f00000)
  to   space 1024K, 0% used [0x00000000d6f00000,0x00000000d6f00000,0x00000000d7000000)
 ParOldGen       total 68608K, used 53004K [0x0000000080000000, 0x0000000084300000, 0x00000000d5580000)
  object space 68608K, 77% used [0x0000000080000000,0x00000000833c3250,0x0000000084300000)
 Metaspace       used 60653K, committed 61952K, reserved 1114112K
  class space    used 6982K, committed 7616K, reserved 1048576K
}
Event: 3102.406 GC heap before
{Heap before GC invocations=43 (full 3):
 PSYoungGen      total 23040K, used 23027K [0x00000000d5580000, 0x00000000d7000000, 0x0000000100000000)
  eden space 22016K, 100% used [0x00000000d5580000,0x00000000d6b00000,0x00000000d6b00000)
  from space 1024K, 98% used [0x00000000d6e00000,0x00000000d6efcfd8,0x00000000d6f00000)
  to   space 1024K, 0% used [0x00000000d6f00000,0x00000000d6f00000,0x00000000d7000000)
 ParOldGen       total 68608K, used 53004K [0x0000000080000000, 0x0000000084300000, 0x00000000d5580000)
  object space 68608K, 77% used [0x0000000080000000,0x00000000833c3250,0x0000000084300000)
 Metaspace       used 62552K, committed 63936K, reserved 1114112K
  class space    used 7280K, committed 7936K, reserved 1048576K
}
Event: 3102.444 GC heap after
{Heap after GC invocations=43 (full 3):
 PSYoungGen      total 23040K, used 1014K [0x00000000d5580000, 0x00000000d7100000, 0x0000000100000000)
  eden space 22016K, 0% used [0x00000000d5580000,0x00000000d5580000,0x00000000d6b00000)
  from space 1024K, 99% used [0x00000000d6f00000,0x00000000d6ffdb98,0x00000000d7000000)
  to   space 3072K, 0% used [0x00000000d6b00000,0x00000000d6b00000,0x00000000d6e00000)
 ParOldGen       total 68608K, used 54528K [0x0000000080000000, 0x0000000084300000, 0x00000000d5580000)
  object space 68608K, 79% used [0x0000000080000000,0x0000000083540338,0x0000000084300000)
 Metaspace       used 62552K, committed 63936K, reserved 1114112K
  class space    used 7280K, committed 7936K, reserved 1048576K
}

